2018-05-25 10:35:54 Warning: DebugKit is disabling itself as your host `chivasblog.qn` is not in the known safe list of top-level-domains (localhost, dev, invalid, test, example, local). If you would like to force DebugKit on use the `DebugKit.forceEnable` Configure option.
2018-05-25 10:38:18 Warning: DebugKit is disabling itself as your host `chivasblog.qn` is not in the known safe list of top-level-domains (localhost, dev, invalid, test, example, local). If you would like to force DebugKit on use the `DebugKit.forceEnable` Configure option.
2018-05-25 10:40:52 Warning: DebugKit is disabling itself as your host `chivasblog.qn` is not in the known safe list of top-level-domains (localhost, dev, invalid, test, example, local). If you would like to force DebugKit on use the `DebugKit.forceEnable` Configure option.
2018-05-25 10:40:52 Warning: DebugKit is disabling itself as your host `chivasblog.qn` is not in the known safe list of top-level-domains (localhost, dev, invalid, test, example, local). If you would like to force DebugKit on use the `DebugKit.forceEnable` Configure option.
2018-05-25 10:40:52 Warning: DebugKit is disabling itself as your host `chivasblog.qn` is not in the known safe list of top-level-domains (localhost, dev, invalid, test, example, local). If you would like to force DebugKit on use the `DebugKit.forceEnable` Configure option.
2018-05-25 10:40:52 Warning: DebugKit is disabling itself as your host `chivasblog.qn` is not in the known safe list of top-level-domains (localhost, dev, invalid, test, example, local). If you would like to force DebugKit on use the `DebugKit.forceEnable` Configure option.
2018-05-25 10:40:52 Error: [Cake\Routing\Exception\MissingControllerException] Controller class Css could not be found.
Exception Attributes: array (
  'class' => 'Css',
  'plugin' => false,
  'prefix' => false,
  '_ext' => false,
)
Request URL: /css/style.css
Referer URL: http://chivasblog.qn/
Stack Trace:
#0 /Applications/AMPPS/www/chivasblog.qn/vendor/cakephp/cakephp/src/Http/ControllerFactory.php(39): Cake\Http\ControllerFactory->missingController(Object(Cake\Http\ServerRequest))
#1 /Applications/AMPPS/www/chivasblog.qn/vendor/cakephp/cakephp/src/Http/ActionDispatcher.php(91): Cake\Http\ControllerFactory->create(Object(Cake\Http\ServerRequest), Object(Cake\Http\Response))
#2 /Applications/AMPPS/www/chivasblog.qn/vendor/cakephp/cakephp/src/Http/BaseApplication.php(228): Cake\Http\ActionDispatcher->dispatch(Object(Cake\Http\ServerRequest), Object(Cake\Http\Response))
#3 /Applications/AMPPS/www/chivasblog.qn/vendor/cakephp/cakephp/src/Http/Runner.php(65): Cake\Http\BaseApplication->__invoke(Object(Cake\Http\ServerRequest), Object(Cake\Http\Response), Object(Cake\Http\Runner))
#4 /Applications/AMPPS/www/chivasblog.qn/vendor/cakephp/cakephp/src/Routing/Middleware/RoutingMiddleware.php(158): Cake\Http\Runner->__invoke(Object(Cake\Http\ServerRequest), Object(Cake\Http\Response))
#5 /Applications/AMPPS/www/chivasblog.qn/vendor/cakephp/cakephp/src/Http/Runner.php(65): Cake\Routing\Middleware\RoutingMiddleware->__invoke(Object(Cake\Http\ServerRequest), Object(Cake\Http\Response), Object(Cake\Http\Runner))
#6 /Applications/AMPPS/www/chivasblog.qn/vendor/cakephp/cakephp/src/Routing/Middleware/AssetMiddleware.php(97): Cake\Http\Runner->__invoke(Object(Cake\Http\ServerRequest), Object(Cake\Http\Response))
#7 /Applications/AMPPS/www/chivasblog.qn/vendor/cakephp/cakephp/src/Http/Runner.php(65): Cake\Routing\Middleware\AssetMiddleware->__invoke(Object(Cake\Http\ServerRequest), Object(Cake\Http\Response), Object(Cake\Http\Runner))
#8 /Applications/AMPPS/www/chivasblog.qn/vendor/cakephp/cakephp/src/Error/Middleware/ErrorHandlerMiddleware.php(98): Cake\Http\Runner->__invoke(Object(Cake\Http\ServerRequest), Object(Cake\Http\Response))
#9 /Applications/AMPPS/www/chivasblog.qn/vendor/cakephp/cakephp/src/Http/Runner.php(65): Cake\Error\Middleware\ErrorHandlerMiddleware->__invoke(Object(Cake\Http\ServerRequest), Object(Cake\Http\Response), Object(Cake\Http\Runner))
#10 /Applications/AMPPS/www/chivasblog.qn/vendor/cakephp/cakephp/src/Http/Runner.php(51): Cake\Http\Runner->__invoke(Object(Cake\Http\ServerRequest), Object(Cake\Http\Response))
#11 /Applications/AMPPS/www/chivasblog.qn/vendor/cakephp/cakephp/src/Http/Server.php(98): Cake\Http\Runner->run(Object(Cake\Http\MiddlewareQueue), Object(Cake\Http\ServerRequest), Object(Cake\Http\Response))
#12 /Applications/AMPPS/www/chivasblog.qn/webroot/index.php(40): Cake\Http\Server->run()
#13 /Applications/AMPPS/www/chivasblog.qn/index.php(16): require('/Applications/A...')
#14 {main}


2018-05-25 10:40:52 Error: [Cake\Routing\Exception\MissingControllerException] Controller class Css could not be found.
Exception Attributes: array (
  'class' => 'Css',
  'plugin' => false,
  'prefix' => false,
  '_ext' => false,
)
Request URL: /css/home.css
Referer URL: http://chivasblog.qn/
Stack Trace:
#0 /Applications/AMPPS/www/chivasblog.qn/vendor/cakephp/cakephp/src/Http/ControllerFactory.php(39): Cake\Http\ControllerFactory->missingController(Object(Cake\Http\ServerRequest))
#1 /Applications/AMPPS/www/chivasblog.qn/vendor/cakephp/cakephp/src/Http/ActionDispatcher.php(91): Cake\Http\ControllerFactory->create(Object(Cake\Http\ServerRequest), Object(Cake\Http\Response))
#2 /Applications/AMPPS/www/chivasblog.qn/vendor/cakephp/cakephp/src/Http/BaseApplication.php(228): Cake\Http\ActionDispatcher->dispatch(Object(Cake\Http\ServerRequest), Object(Cake\Http\Response))
#3 /Applications/AMPPS/www/chivasblog.qn/vendor/cakephp/cakephp/src/Http/Runner.php(65): Cake\Http\BaseApplication->__invoke(Object(Cake\Http\ServerRequest), Object(Cake\Http\Response), Object(Cake\Http\Runner))
#4 /Applications/AMPPS/www/chivasblog.qn/vendor/cakephp/cakephp/src/Routing/Middleware/RoutingMiddleware.php(158): Cake\Http\Runner->__invoke(Object(Cake\Http\ServerRequest), Object(Cake\Http\Response))
#5 /Applications/AMPPS/www/chivasblog.qn/vendor/cakephp/cakephp/src/Http/Runner.php(65): Cake\Routing\Middleware\RoutingMiddleware->__invoke(Object(Cake\Http\ServerRequest), Object(Cake\Http\Response), Object(Cake\Http\Runner))
#6 /Applications/AMPPS/www/chivasblog.qn/vendor/cakephp/cakephp/src/Routing/Middleware/AssetMiddleware.php(97): Cake\Http\Runner->__invoke(Object(Cake\Http\ServerRequest), Object(Cake\Http\Response))
#7 /Applications/AMPPS/www/chivasblog.qn/vendor/cakephp/cakephp/src/Http/Runner.php(65): Cake\Routing\Middleware\AssetMiddleware->__invoke(Object(Cake\Http\ServerRequest), Object(Cake\Http\Response), Object(Cake\Http\Runner))
#8 /Applications/AMPPS/www/chivasblog.qn/vendor/cakephp/cakephp/src/Error/Middleware/ErrorHandlerMiddleware.php(98): Cake\Http\Runner->__invoke(Object(Cake\Http\ServerRequest), Object(Cake\Http\Response))
#9 /Applications/AMPPS/www/chivasblog.qn/vendor/cakephp/cakephp/src/Http/Runner.php(65): Cake\Error\Middleware\ErrorHandlerMiddleware->__invoke(Object(Cake\Http\ServerRequest), Object(Cake\Http\Response), Object(Cake\Http\Runner))
#10 /Applications/AMPPS/www/chivasblog.qn/vendor/cakephp/cakephp/src/Http/Runner.php(51): Cake\Http\Runner->__invoke(Object(Cake\Http\ServerRequest), Object(Cake\Http\Response))
#11 /Applications/AMPPS/www/chivasblog.qn/vendor/cakephp/cakephp/src/Http/Server.php(98): Cake\Http\Runner->run(Object(Cake\Http\MiddlewareQueue), Object(Cake\Http\ServerRequest), Object(Cake\Http\Response))
#12 /Applications/AMPPS/www/chivasblog.qn/webroot/index.php(40): Cake\Http\Server->run()
#13 /Applications/AMPPS/www/chivasblog.qn/index.php(16): require('/Applications/A...')
#14 {main}


2018-05-25 10:40:52 Error: [Cake\Routing\Exception\MissingControllerException] Controller class Css could not be found.
Exception Attributes: array (
  'class' => 'Css',
  'plugin' => false,
  'prefix' => false,
  '_ext' => false,
)
Request URL: /css/base.css
Referer URL: http://chivasblog.qn/
Stack Trace:
#0 /Applications/AMPPS/www/chivasblog.qn/vendor/cakephp/cakephp/src/Http/ControllerFactory.php(39): Cake\Http\ControllerFactory->missingController(Object(Cake\Http\ServerRequest))
#1 /Applications/AMPPS/www/chivasblog.qn/vendor/cakephp/cakephp/src/Http/ActionDispatcher.php(91): Cake\Http\ControllerFactory->create(Object(Cake\Http\ServerRequest), Object(Cake\Http\Response))
#2 /Applications/AMPPS/www/chivasblog.qn/vendor/cakephp/cakephp/src/Http/BaseApplication.php(228): Cake\Http\ActionDispatcher->dispatch(Object(Cake\Http\ServerRequest), Object(Cake\Http\Response))
#3 /Applications/AMPPS/www/chivasblog.qn/vendor/cakephp/cakephp/src/Http/Runner.php(65): Cake\Http\BaseApplication->__invoke(Object(Cake\Http\ServerRequest), Object(Cake\Http\Response), Object(Cake\Http\Runner))
#4 /Applications/AMPPS/www/chivasblog.qn/vendor/cakephp/cakephp/src/Routing/Middleware/RoutingMiddleware.php(158): Cake\Http\Runner->__invoke(Object(Cake\Http\ServerRequest), Object(Cake\Http\Response))
#5 /Applications/AMPPS/www/chivasblog.qn/vendor/cakephp/cakephp/src/Http/Runner.php(65): Cake\Routing\Middleware\RoutingMiddleware->__invoke(Object(Cake\Http\ServerRequest), Object(Cake\Http\Response), Object(Cake\Http\Runner))
#6 /Applications/AMPPS/www/chivasblog.qn/vendor/cakephp/cakephp/src/Routing/Middleware/AssetMiddleware.php(97): Cake\Http\Runner->__invoke(Object(Cake\Http\ServerRequest), Object(Cake\Http\Response))
#7 /Applications/AMPPS/www/chivasblog.qn/vendor/cakephp/cakephp/src/Http/Runner.php(65): Cake\Routing\Middleware\AssetMiddleware->__invoke(Object(Cake\Http\ServerRequest), Object(Cake\Http\Response), Object(Cake\Http\Runner))
#8 /Applications/AMPPS/www/chivasblog.qn/vendor/cakephp/cakephp/src/Error/Middleware/ErrorHandlerMiddleware.php(98): Cake\Http\Runner->__invoke(Object(Cake\Http\ServerRequest), Object(Cake\Http\Response))
#9 /Applications/AMPPS/www/chivasblog.qn/vendor/cakephp/cakephp/src/Http/Runner.php(65): Cake\Error\Middleware\ErrorHandlerMiddleware->__invoke(Object(Cake\Http\ServerRequest), Object(Cake\Http\Response), Object(Cake\Http\Runner))
#10 /Applications/AMPPS/www/chivasblog.qn/vendor/cakephp/cakephp/src/Http/Runner.php(51): Cake\Http\Runner->__invoke(Object(Cake\Http\ServerRequest), Object(Cake\Http\Response))
#11 /Applications/AMPPS/www/chivasblog.qn/vendor/cakephp/cakephp/src/Http/Server.php(98): Cake\Http\Runner->run(Object(Cake\Http\MiddlewareQueue), Object(Cake\Http\ServerRequest), Object(Cake\Http\Response))
#12 /Applications/AMPPS/www/chivasblog.qn/webroot/index.php(40): Cake\Http\Server->run()
#13 /Applications/AMPPS/www/chivasblog.qn/index.php(16): require('/Applications/A...')
#14 {main}


2018-05-25 10:40:52 Warning: DebugKit is disabling itself as your host `chivasblog.qn` is not in the known safe list of top-level-domains (localhost, dev, invalid, test, example, local). If you would like to force DebugKit on use the `DebugKit.forceEnable` Configure option.
2018-05-25 10:40:52 Error: [Cake\Routing\Exception\MissingControllerException] Controller class Img could not be found.
Exception Attributes: array (
  'class' => 'Img',
  'plugin' => false,
  'prefix' => false,
  '_ext' => false,
)
Request URL: /img/cake.logo.svg
Referer URL: http://chivasblog.qn/
Stack Trace:
#0 /Applications/AMPPS/www/chivasblog.qn/vendor/cakephp/cakephp/src/Http/ControllerFactory.php(39): Cake\Http\ControllerFactory->missingController(Object(Cake\Http\ServerRequest))
#1 /Applications/AMPPS/www/chivasblog.qn/vendor/cakephp/cakephp/src/Http/ActionDispatcher.php(91): Cake\Http\ControllerFactory->create(Object(Cake\Http\ServerRequest), Object(Cake\Http\Response))
#2 /Applications/AMPPS/www/chivasblog.qn/vendor/cakephp/cakephp/src/Http/BaseApplication.php(228): Cake\Http\ActionDispatcher->dispatch(Object(Cake\Http\ServerRequest), Object(Cake\Http\Response))
#3 /Applications/AMPPS/www/chivasblog.qn/vendor/cakephp/cakephp/src/Http/Runner.php(65): Cake\Http\BaseApplication->__invoke(Object(Cake\Http\ServerRequest), Object(Cake\Http\Response), Object(Cake\Http\Runner))
#4 /Applications/AMPPS/www/chivasblog.qn/vendor/cakephp/cakephp/src/Routing/Middleware/RoutingMiddleware.php(158): Cake\Http\Runner->__invoke(Object(Cake\Http\ServerRequest), Object(Cake\Http\Response))
#5 /Applications/AMPPS/www/chivasblog.qn/vendor/cakephp/cakephp/src/Http/Runner.php(65): Cake\Routing\Middleware\RoutingMiddleware->__invoke(Object(Cake\Http\ServerRequest), Object(Cake\Http\Response), Object(Cake\Http\Runner))
#6 /Applications/AMPPS/www/chivasblog.qn/vendor/cakephp/cakephp/src/Routing/Middleware/AssetMiddleware.php(97): Cake\Http\Runner->__invoke(Object(Cake\Http\ServerRequest), Object(Cake\Http\Response))
#7 /Applications/AMPPS/www/chivasblog.qn/vendor/cakephp/cakephp/src/Http/Runner.php(65): Cake\Routing\Middleware\AssetMiddleware->__invoke(Object(Cake\Http\ServerRequest), Object(Cake\Http\Response), Object(Cake\Http\Runner))
#8 /Applications/AMPPS/www/chivasblog.qn/vendor/cakephp/cakephp/src/Error/Middleware/ErrorHandlerMiddleware.php(98): Cake\Http\Runner->__invoke(Object(Cake\Http\ServerRequest), Object(Cake\Http\Response))
#9 /Applications/AMPPS/www/chivasblog.qn/vendor/cakephp/cakephp/src/Http/Runner.php(65): Cake\Error\Middleware\ErrorHandlerMiddleware->__invoke(Object(Cake\Http\ServerRequest), Object(Cake\Http\Response), Object(Cake\Http\Runner))
#10 /Applications/AMPPS/www/chivasblog.qn/vendor/cakephp/cakephp/src/Http/Runner.php(51): Cake\Http\Runner->__invoke(Object(Cake\Http\ServerRequest), Object(Cake\Http\Response))
#11 /Applications/AMPPS/www/chivasblog.qn/vendor/cakephp/cakephp/src/Http/Server.php(98): Cake\Http\Runner->run(Object(Cake\Http\MiddlewareQueue), Object(Cake\Http\ServerRequest), Object(Cake\Http\Response))
#12 /Applications/AMPPS/www/chivasblog.qn/webroot/index.php(40): Cake\Http\Server->run()
#13 /Applications/AMPPS/www/chivasblog.qn/index.php(16): require('/Applications/A...')
#14 {main}


2018-05-25 10:41:47 Warning: DebugKit is disabling itself as your host `chivasblog.qn` is not in the known safe list of top-level-domains (localhost, dev, invalid, test, example, local). If you would like to force DebugKit on use the `DebugKit.forceEnable` Configure option.
2018-05-25 10:44:31 Warning: DebugKit is disabling itself as your host `chivasblog.qn` is not in the known safe list of top-level-domains (localhost, dev, invalid, test, example, local). If you would like to force DebugKit on use the `DebugKit.forceEnable` Configure option.
2018-05-25 10:45:21 Warning: DebugKit is disabling itself as your host `chivasblog.qn` is not in the known safe list of top-level-domains (localhost, dev, invalid, test, example, local). If you would like to force DebugKit on use the `DebugKit.forceEnable` Configure option.
